[1.031s] DEBUG:colcon:Command line arguments: ['/usr/bin/colcon', 'build', '--packages-select', 'slam_path']
[1.031s] DEBUG:colcon:Parsed command line arguments: Namespace(log_base=None, log_level=None, verb_name='build', build_base='build', install_base='install', merge_install=False, symlink_install=False, test_result_base=None, continue_on_error=False, executor='parallel', parallel_workers=8, event_handlers=None, ignore_user_meta=False, metas=['./colcon.meta'], base_paths=['.'], packages_ignore=None, packages_ignore_regex=None, paths=None, packages_up_to=None, packages_up_to_regex=None, packages_above=None, packages_above_and_dependencies=None, packages_above_depth=None, packages_select_by_dep=None, packages_skip_by_dep=None, packages_skip_up_to=None, packages_select_build_failed=False, packages_skip_build_finished=False, packages_select_test_failures=False, packages_skip_test_passed=False, packages_select=['slam_path'], packages_skip=None, packages_select_regex=None, packages_skip_regex=None, packages_start=None, packages_end=None, allow_overriding=[], cmake_args=None, cmake_target=None, cmake_target_skip_unavailable=False, cmake_clean_cache=False, cmake_clean_first=False, cmake_force_configure=False, ament_cmake_args=None, catkin_cmake_args=None, catkin_skip_building_tests=False, verb_parser=<colcon_defaults.argument_parser.defaults.DefaultArgumentsDecorator object at 0x7f323f2f32e0>, verb_extension=<colcon_core.verb.build.BuildVerb object at 0x7f323f2eebc0>, main=<bound method BuildVerb.main of <colcon_core.verb.build.BuildVerb object at 0x7f323f2eebc0>>)
[1.075s] Level 1:colcon.colcon_core.package_discovery:discover_packages(colcon_meta) check parameters
[1.075s] Level 1:colcon.colcon_core.package_discovery:discover_packages(recursive) check parameters
[1.075s] Level 1:colcon.colcon_core.package_discovery:discover_packages(ignore) check parameters
[1.075s] Level 1:colcon.colcon_core.package_discovery:discover_packages(path) check parameters
[1.075s] Level 1:colcon.colcon_core.package_discovery:discover_packages(colcon_meta) discover
[1.075s] Level 1:colcon.colcon_core.package_discovery:discover_packages(recursive) discover
[1.075s] INFO:colcon.colcon_core.package_discovery:Crawling recursively for packages in '/home/sundharvs/ros2_ws/src/slam_path'
[1.075s] Level 1:colcon.colcon_core.package_identification:_identify(.) by extensions ['ignore', 'ignore_ament_install']
[1.075s] Level 1:colcon.colcon_core.package_identification:_identify(.) by extension 'ignore'
[1.075s] Level 1:colcon.colcon_core.package_identification:_identify(.) by extension 'ignore_ament_install'
[1.075s] Level 1:colcon.colcon_core.package_identification:_identify(.) by extensions ['colcon_pkg']
[1.075s] Level 1:colcon.colcon_core.package_identification:_identify(.) by extension 'colcon_pkg'
[1.075s] Level 1:colcon.colcon_core.package_identification:_identify(.) by extensions ['colcon_meta']
[1.075s] Level 1:colcon.colcon_core.package_identification:_identify(.) by extension 'colcon_meta'
[1.075s] Level 1:colcon.colcon_core.package_identification:_identify(.) by extensions ['ros']
[1.075s] Level 1:colcon.colcon_core.package_identification:_identify(.) by extension 'ros'
[1.087s] DEBUG:colcon.colcon_core.package_identification:Package '.' with type 'ros.ament_cmake' and name 'slam_path'
[1.088s] Level 1:colcon.colcon_core.package_discovery:discover_packages(recursive) using defaults
[1.088s] Level 1:colcon.colcon_core.package_discovery:discover_packages(ignore) discover
[1.088s] Level 1:colcon.colcon_core.package_discovery:discover_packages(ignore) using defaults
[1.088s] Level 1:colcon.colcon_core.package_discovery:discover_packages(path) discover
[1.088s] Level 1:colcon.colcon_core.package_discovery:discover_packages(path) using defaults
[1.170s] Level 1:colcon.colcon_core.package_discovery:discover_packages(prefix_path) check parameters
[1.170s] Level 1:colcon.colcon_core.package_discovery:discover_packages(prefix_path) discover
[1.207s] DEBUG:colcon.colcon_installed_package_information.package_discovery:Found 299 installed packages in /opt/ros/humble
[1.208s] Level 1:colcon.colcon_core.package_discovery:discover_packages(prefix_path) using defaults
[1.310s] Level 5:colcon.colcon_core.verb:set package 'slam_path' build argument 'cmake_args' from command line to 'None'
[1.310s] Level 5:colcon.colcon_core.verb:set package 'slam_path' build argument 'cmake_target' from command line to 'None'
[1.310s] Level 5:colcon.colcon_core.verb:set package 'slam_path' build argument 'cmake_target_skip_unavailable' from command line to 'False'
[1.310s] Level 5:colcon.colcon_core.verb:set package 'slam_path' build argument 'cmake_clean_cache' from command line to 'False'
[1.310s] Level 5:colcon.colcon_core.verb:set package 'slam_path' build argument 'cmake_clean_first' from command line to 'False'
[1.310s] Level 5:colcon.colcon_core.verb:set package 'slam_path' build argument 'cmake_force_configure' from command line to 'False'
[1.310s] Level 5:colcon.colcon_core.verb:set package 'slam_path' build argument 'ament_cmake_args' from command line to 'None'
[1.310s] Level 5:colcon.colcon_core.verb:set package 'slam_path' build argument 'catkin_cmake_args' from command line to 'None'
[1.310s] Level 5:colcon.colcon_core.verb:set package 'slam_path' build argument 'catkin_skip_building_tests' from command line to 'False'
[1.310s] DEBUG:colcon.colcon_core.verb:Building package 'slam_path' with the following arguments: {'ament_cmake_args': None, 'build_base': '/home/sundharvs/ros2_ws/src/slam_path/build/slam_path', 'catkin_cmake_args': None, 'catkin_skip_building_tests': False, 'cmake_args': None, 'cmake_clean_cache': False, 'cmake_clean_first': False, 'cmake_force_configure': False, 'cmake_target': None, 'cmake_target_skip_unavailable': False, 'install_base': '/home/sundharvs/ros2_ws/src/slam_path/install/slam_path', 'merge_install': False, 'path': '/home/sundharvs/ros2_ws/src/slam_path', 'symlink_install': False, 'test_result_base': None}
[1.324s] INFO:colcon.colcon_core.executor:Executing jobs using 'parallel' executor
[1.340s] DEBUG:colcon.colcon_parallel_executor.executor.parallel:run_until_complete
[1.340s] INFO:colcon.colcon_ros.task.ament_cmake.build:Building ROS package in '/home/sundharvs/ros2_ws/src/slam_path' with build type 'ament_cmake'
[1.340s] INFO:colcon.colcon_cmake.task.cmake.build:Building CMake package in '/home/sundharvs/ros2_ws/src/slam_path'
[1.358s] INFO:colcon.colcon_core.plugin_system:Skipping extension 'colcon_core.shell.bat': Not used on non-Windows systems
[1.358s] INFO:colcon.colcon_core.shell:Skip shell extension 'powershell' for command environment: Not usable outside of PowerShell
[1.358s] DEBUG:colcon.colcon_core.shell:Skip shell extension 'dsv' for command environment
[1.412s] DEBUG:colcon.colcon_core.event_handler.log_command:Invoking command in '/home/sundharvs/ros2_ws/src/slam_path/build/slam_path': CMAKE_PREFIX_PATH=/opt/ros/humble /usr/bin/cmake /home/sundharvs/ros2_ws/src/slam_path -DCMAKE_INSTALL_PREFIX=/home/sundharvs/ros2_ws/src/slam_path/install/slam_path
[3.216s] DEBUG:colcon.colcon_core.event_handler.log_command:Invoked command in '/home/sundharvs/ros2_ws/src/slam_path/build/slam_path' returned '0': CMAKE_PREFIX_PATH=/opt/ros/humble /usr/bin/cmake /home/sundharvs/ros2_ws/src/slam_path -DCMAKE_INSTALL_PREFIX=/home/sundharvs/ros2_ws/src/slam_path/install/slam_path
[3.218s] DEBUG:colcon.colcon_core.event_handler.log_command:Invoking command in '/home/sundharvs/ros2_ws/src/slam_path/build/slam_path': CMAKE_PREFIX_PATH=/opt/ros/humble /usr/bin/cmake --build /home/sundharvs/ros2_ws/src/slam_path/build/slam_path -- -j8 -l8
[22.205s] DEBUG:colcon.colcon_core.event_handler.log_command:Invoked command in '/home/sundharvs/ros2_ws/src/slam_path/build/slam_path' returned '0': CMAKE_PREFIX_PATH=/opt/ros/humble /usr/bin/cmake --build /home/sundharvs/ros2_ws/src/slam_path/build/slam_path -- -j8 -l8
[22.235s] DEBUG:colcon.colcon_core.event_handler.log_command:Invoking command in '/home/sundharvs/ros2_ws/src/slam_path/build/slam_path': CMAKE_PREFIX_PATH=/opt/ros/humble /usr/bin/cmake --install /home/sundharvs/ros2_ws/src/slam_path/build/slam_path
[22.251s] Level 1:colcon.colcon_core.environment:create_environment_scripts_only(slam_path)
[22.252s] DEBUG:colcon.colcon_core.event_handler.log_command:Invoked command in '/home/sundharvs/ros2_ws/src/slam_path/build/slam_path' returned '0': CMAKE_PREFIX_PATH=/opt/ros/humble /usr/bin/cmake --install /home/sundharvs/ros2_ws/src/slam_path/build/slam_path
[22.270s] Level 1:colcon.colcon_core.environment:checking '/home/sundharvs/ros2_ws/src/slam_path/install/slam_path' for CMake module files
[22.270s] Level 1:colcon.colcon_core.environment:checking '/home/sundharvs/ros2_ws/src/slam_path/install/slam_path' for CMake config files
[22.270s] Level 1:colcon.colcon_core.shell:create_environment_hook('slam_path', 'cmake_prefix_path')
[22.283s] INFO:colcon.colcon_core.shell:Creating environment hook '/home/sundharvs/ros2_ws/src/slam_path/install/slam_path/share/slam_path/hook/cmake_prefix_path.ps1'
[22.283s] INFO:colcon.colcon_core.shell:Creating environment descriptor '/home/sundharvs/ros2_ws/src/slam_path/install/slam_path/share/slam_path/hook/cmake_prefix_path.dsv'
[22.284s] INFO:colcon.colcon_core.shell:Creating environment hook '/home/sundharvs/ros2_ws/src/slam_path/install/slam_path/share/slam_path/hook/cmake_prefix_path.sh'
[22.284s] Level 1:colcon.colcon_core.environment:checking '/home/sundharvs/ros2_ws/src/slam_path/install/slam_path/lib'
[22.284s] Level 1:colcon.colcon_core.environment:checking '/home/sundharvs/ros2_ws/src/slam_path/install/slam_path/bin'
[22.284s] Level 1:colcon.colcon_core.environment:checking '/home/sundharvs/ros2_ws/src/slam_path/install/slam_path/lib/pkgconfig/slam_path.pc'
[22.285s] Level 1:colcon.colcon_core.environment:checking '/home/sundharvs/ros2_ws/src/slam_path/install/slam_path/lib/python3.10/site-packages'
[22.285s] Level 1:colcon.colcon_core.environment:checking '/home/sundharvs/ros2_ws/src/slam_path/install/slam_path/bin'
[22.298s] INFO:colcon.colcon_core.shell:Creating package script '/home/sundharvs/ros2_ws/src/slam_path/install/slam_path/share/slam_path/package.ps1'
[22.299s] INFO:colcon.colcon_core.shell:Creating package descriptor '/home/sundharvs/ros2_ws/src/slam_path/install/slam_path/share/slam_path/package.dsv'
[22.299s] INFO:colcon.colcon_core.shell:Creating package script '/home/sundharvs/ros2_ws/src/slam_path/install/slam_path/share/slam_path/package.sh'
[22.300s] INFO:colcon.colcon_core.shell:Creating package script '/home/sundharvs/ros2_ws/src/slam_path/install/slam_path/share/slam_path/package.bash'
[22.301s] INFO:colcon.colcon_core.shell:Creating package script '/home/sundharvs/ros2_ws/src/slam_path/install/slam_path/share/slam_path/package.zsh'
[22.301s] Level 1:colcon.colcon_core.environment:create_file_with_runtime_dependencies(/home/sundharvs/ros2_ws/src/slam_path/install/slam_path/share/colcon-core/packages/slam_path)
[22.340s] Level 1:colcon.colcon_core.environment:create_environment_scripts_only(slam_path)
[22.354s] Level 1:colcon.colcon_core.environment:checking '/home/sundharvs/ros2_ws/src/slam_path/install/slam_path' for CMake module files
[22.355s] Level 1:colcon.colcon_core.environment:checking '/home/sundharvs/ros2_ws/src/slam_path/install/slam_path' for CMake config files
[22.355s] Level 1:colcon.colcon_core.shell:create_environment_hook('slam_path', 'cmake_prefix_path')
[22.368s] INFO:colcon.colcon_core.shell:Creating environment hook '/home/sundharvs/ros2_ws/src/slam_path/install/slam_path/share/slam_path/hook/cmake_prefix_path.ps1'
[22.369s] INFO:colcon.colcon_core.shell:Creating environment descriptor '/home/sundharvs/ros2_ws/src/slam_path/install/slam_path/share/slam_path/hook/cmake_prefix_path.dsv'
[22.369s] INFO:colcon.colcon_core.shell:Creating environment hook '/home/sundharvs/ros2_ws/src/slam_path/install/slam_path/share/slam_path/hook/cmake_prefix_path.sh'
[22.369s] Level 1:colcon.colcon_core.environment:checking '/home/sundharvs/ros2_ws/src/slam_path/install/slam_path/lib'
[22.369s] Level 1:colcon.colcon_core.environment:checking '/home/sundharvs/ros2_ws/src/slam_path/install/slam_path/bin'
[22.369s] Level 1:colcon.colcon_core.environment:checking '/home/sundharvs/ros2_ws/src/slam_path/install/slam_path/lib/pkgconfig/slam_path.pc'
[22.370s] Level 1:colcon.colcon_core.environment:checking '/home/sundharvs/ros2_ws/src/slam_path/install/slam_path/lib/python3.10/site-packages'
[22.370s] Level 1:colcon.colcon_core.environment:checking '/home/sundharvs/ros2_ws/src/slam_path/install/slam_path/bin'
[22.383s] INFO:colcon.colcon_core.shell:Creating package script '/home/sundharvs/ros2_ws/src/slam_path/install/slam_path/share/slam_path/package.ps1'
[22.384s] INFO:colcon.colcon_core.shell:Creating package descriptor '/home/sundharvs/ros2_ws/src/slam_path/install/slam_path/share/slam_path/package.dsv'
[22.384s] INFO:colcon.colcon_core.shell:Creating package script '/home/sundharvs/ros2_ws/src/slam_path/install/slam_path/share/slam_path/package.sh'
[22.384s] INFO:colcon.colcon_core.shell:Creating package script '/home/sundharvs/ros2_ws/src/slam_path/install/slam_path/share/slam_path/package.bash'
[22.384s] INFO:colcon.colcon_core.shell:Creating package script '/home/sundharvs/ros2_ws/src/slam_path/install/slam_path/share/slam_path/package.zsh'
[22.385s] Level 1:colcon.colcon_core.environment:create_file_with_runtime_dependencies(/home/sundharvs/ros2_ws/src/slam_path/install/slam_path/share/colcon-core/packages/slam_path)
[22.385s] DEBUG:colcon.colcon_parallel_executor.executor.parallel:closing loop
[22.385s] DEBUG:colcon.colcon_parallel_executor.executor.parallel:loop closed
[22.385s] DEBUG:colcon.colcon_parallel_executor.executor.parallel:run_until_complete finished with '0'
[22.385s] DEBUG:colcon.colcon_core.event_reactor:joining thread
[22.414s] INFO:colcon.colcon_core.plugin_system:Skipping extension 'colcon_notification.desktop_notification.terminal_notifier': Not used on non-Darwin systems
[22.414s] INFO:colcon.colcon_core.plugin_system:Skipping extension 'colcon_notification.desktop_notification.win32': Not used on non-Windows systems
[22.414s] INFO:colcon.colcon_notification.desktop_notification:Sending desktop notification using 'notify2'
[22.431s] DEBUG:colcon.colcon_core.event_reactor:joined thread
[22.450s] INFO:colcon.colcon_core.shell:Creating prefix script '/home/sundharvs/ros2_ws/src/slam_path/install/local_setup.ps1'
[22.451s] INFO:colcon.colcon_core.shell:Creating prefix util module '/home/sundharvs/ros2_ws/src/slam_path/install/_local_setup_util_ps1.py'
[22.452s] INFO:colcon.colcon_core.shell:Creating prefix chain script '/home/sundharvs/ros2_ws/src/slam_path/install/setup.ps1'
[22.466s] INFO:colcon.colcon_core.shell:Creating prefix script '/home/sundharvs/ros2_ws/src/slam_path/install/local_setup.sh'
[22.467s] INFO:colcon.colcon_core.shell:Creating prefix util module '/home/sundharvs/ros2_ws/src/slam_path/install/_local_setup_util_sh.py'
[22.467s] INFO:colcon.colcon_core.shell:Creating prefix chain script '/home/sundharvs/ros2_ws/src/slam_path/install/setup.sh'
[22.482s] INFO:colcon.colcon_core.shell:Creating prefix script '/home/sundharvs/ros2_ws/src/slam_path/install/local_setup.bash'
[22.482s] INFO:colcon.colcon_core.shell:Creating prefix chain script '/home/sundharvs/ros2_ws/src/slam_path/install/setup.bash'
[22.497s] INFO:colcon.colcon_core.shell:Creating prefix script '/home/sundharvs/ros2_ws/src/slam_path/install/local_setup.zsh'
[22.498s] INFO:colcon.colcon_core.shell:Creating prefix chain script '/home/sundharvs/ros2_ws/src/slam_path/install/setup.zsh'
