-- The C compiler identification is GNU 11.4.0
-- The CXX compiler identification is GNU 11.4.0
-- Detecting C compiler ABI info
-- Detecting C compiler ABI info - done
-- Check for working C compiler: /usr/lib/ccache/cc - skipped
-- Detecting C compile features
-- Detecting C compile features - done
-- Detecting CXX compiler ABI info
-- Detecting CXX compiler ABI info - done
-- Check for working CXX compiler: /usr/lib/ccache/c++ - skipped
-- Detecting CXX compile features
-- Detecting CXX compile features - done
-- Found ament_cmake: 1.3.6 (/opt/ros/humble/share/ament_cmake/cmake)
-- Found Python3: /usr/bin/python3.10 (found version "3.10.12") found components: Interpreter 
-- Found rclcpp: 16.0.7 (/opt/ros/humble/share/rclcpp/cmake)
-- Found rosidl_generator_c: 3.1.5 (/opt/ros/humble/share/rosidl_generator_c/cmake)
-- Found rosidl_adapter: 3.1.5 (/opt/ros/humble/share/rosidl_adapter/cmake)
-- Found rosidl_generator_cpp: 3.1.5 (/opt/ros/humble/share/rosidl_generator_cpp/cmake)
-- Using all available rosidl_typesupport_c: rosidl_typesupport_fastrtps_c;rosidl_typesupport_introspection_c
-- Using all available rosidl_typesupport_cpp: rosidl_typesupport_fastrtps_cpp;rosidl_typesupport_introspection_cpp
-- Found rmw_implementation_cmake: 6.1.1 (/opt/ros/humble/share/rmw_implementation_cmake/cmake)
-- Found rmw_fastrtps_cpp: 6.2.5 (/opt/ros/humble/share/rmw_fastrtps_cpp/cmake)
-- Found OpenSSL: /usr/lib/x86_64-linux-gnu/libcrypto.so (found version "3.0.2")  
-- Found FastRTPS: /opt/ros/humble/include  
-- Using RMW implementation 'rmw_fastrtps_cpp' as default
-- Looking for pthread.h
-- Looking for pthread.h - found
-- Performing Test CMAKE_HAVE_LIBC_PTHREAD
-- Performing Test CMAKE_HAVE_LIBC_PTHREAD - Success
-- Found Threads: TRUE  
-- Found octomap_msgs: 2.0.0 (/opt/ros/humble/share/octomap_msgs/cmake)
-- Found nav_msgs: 4.2.3 (/opt/ros/humble/share/nav_msgs/cmake)
-- Found visualization_msgs: 4.2.3 (/opt/ros/humble/share/visualization_msgs/cmake)
-- Found trajectory_msgs: 4.2.3 (/opt/ros/humble/share/trajectory_msgs/cmake)
-- Found ompl: /opt/ros/humble/include/ompl-1.6;/usr/include;/usr/include/eigen3  
-- Found ament_lint_auto: 0.12.9 (/opt/ros/humble/share/ament_lint_auto/cmake)
-- Added test 'cppcheck' to perform static code analysis on C / C++ code
-- Configured cppcheck include dirs: /home/sundharvs/ros2_ws/src/slam_path/include/slam_path;/home/sundharvs/ros2_ws/src/slam_path/ccd;/home/sundharvs/ros2_ws/src/slam_path/ode
-- Configured cppcheck exclude dirs and/or files: 
-- Added test 'lint_cmake' to check CMake code style
-- Added test 'uncrustify' to check C / C++ code style
-- Configured uncrustify additional arguments: 
-- Added test 'xmllint' to check XML markup files
-- Configuring done
-- Generating done
-- Build files have been written to: /home/sundharvs/ros2_ws/src/slam_path/build/slam_path
[ 50%] [32mBuilding CXX object CMakeFiles/planner.dir/src/path_planner.cpp.o[0m
[100%] [32m[1mLinking CXX executable planner[0m
[100%] Built target planner
-- Install configuration: ""
-- Installing: /home/sundharvs/ros2_ws/src/slam_path/install/slam_path/lib/slam_path/planner
-- Set runtime path of "/home/sundharvs/ros2_ws/src/slam_path/install/slam_path/lib/slam_path/planner" to ""
-- Installing: /home/sundharvs/ros2_ws/src/slam_path/install/slam_path/include
-- Installing: /home/sundharvs/ros2_ws/src/slam_path/install/slam_path/include/slam_path
-- Installing: /home/sundharvs/ros2_ws/src/slam_path/install/slam_path/share/ament_index/resource_index/package_run_dependencies/slam_path
-- Installing: /home/sundharvs/ros2_ws/src/slam_path/install/slam_path/share/ament_index/resource_index/parent_prefix_path/slam_path
-- Installing: /home/sundharvs/ros2_ws/src/slam_path/install/slam_path/share/slam_path/environment/ament_prefix_path.sh
-- Installing: /home/sundharvs/ros2_ws/src/slam_path/install/slam_path/share/slam_path/environment/ament_prefix_path.dsv
-- Installing: /home/sundharvs/ros2_ws/src/slam_path/install/slam_path/share/slam_path/environment/path.sh
-- Installing: /home/sundharvs/ros2_ws/src/slam_path/install/slam_path/share/slam_path/environment/path.dsv
-- Installing: /home/sundharvs/ros2_ws/src/slam_path/install/slam_path/share/slam_path/local_setup.bash
-- Installing: /home/sundharvs/ros2_ws/src/slam_path/install/slam_path/share/slam_path/local_setup.sh
-- Installing: /home/sundharvs/ros2_ws/src/slam_path/install/slam_path/share/slam_path/local_setup.zsh
-- Installing: /home/sundharvs/ros2_ws/src/slam_path/install/slam_path/share/slam_path/local_setup.dsv
-- Installing: /home/sundharvs/ros2_ws/src/slam_path/install/slam_path/share/slam_path/package.dsv
-- Installing: /home/sundharvs/ros2_ws/src/slam_path/install/slam_path/share/ament_index/resource_index/packages/slam_path
-- Installing: /home/sundharvs/ros2_ws/src/slam_path/install/slam_path/share/slam_path/cmake/ament_cmake_export_include_directories-extras.cmake
-- Installing: /home/sundharvs/ros2_ws/src/slam_path/install/slam_path/share/slam_path/cmake/slam_pathConfig.cmake
-- Installing: /home/sundharvs/ros2_ws/src/slam_path/install/slam_path/share/slam_path/cmake/slam_pathConfig-version.cmake
-- Installing: /home/sundharvs/ros2_ws/src/slam_path/install/slam_path/share/slam_path/package.xml
